<?xml version="1.0" encoding="UTF-8" standalone="no"?>
<testsuite errors="0" failures="0" name="io.cucumber.core.plugin.JUnitFormatter" skipped="0" tests="3" time="45.351">
    <testcase classname="Advantage bank UI testing" name="Check if user can register in advantage bank portal" time="11.743">
        <system-out><![CDATA[Given user navigates to advantage bank url..................................passed
And click on Register tab...................................................passed
Then user enters all fields in the registration page........................passed
And click on "Register" button..............................................passed
Then User must be registered................................................passed
]]></system-out>
    </testcase>
    <testcase classname="Advantage bank UI testing" name="Check if user is able to login to Advantage bank" time="7.05">
        <system-out><![CDATA[Given user logs into Advantage bank.........................................passed
Then A default Log in window of Advantage Bank Portal Should Open...........passed
]]></system-out>
    </testcase>
    <testcase classname="Advantage bank UI testing" name="Check if all the navigation tabs are available and working" time="26.385">
        <system-out><![CDATA[Given user logs into Advantage bank using registeration credentials.........passed
Then A default Log in window of Advantage Bank Portal Should Open...........passed
Then user click on "Accounts" tab on dashboard..............................passed
Then user gets prompted with my accounts page...............................passed
Then user click on "New Transfer" tab on dashboard..........................passed
Then user click on "Loans" tab on dashboard.................................passed
Then user click on "Cards" tab on dashboard.................................passed
Then user click on "Forecasts" tab on dashboard.............................passed
Then user click on "Stocks" tab on dashboard................................passed
]]></system-out>
    </testcase>
</testsuite>
